Flutter crash report.
Please report a bug at https://github.com/flutter/flutter/issues.

## command

flutter run

## exception

StateError: Bad state: Failed to start Dart Development Service

```
#0      DartDevelopmentService.startDartDevelopmentService (package:flutter_tools/src/base/dds.dart:116:9)
<asynchronous suspension>
#1      FlutterDevice.connect.<anonymous closure> (package:flutter_tools/src/resident_runner.dart:294:11)
<asynchronous suspension>
```

## flutter doctor

```
[32m[✓][39m Flutter (Channel beta, 3.26.0-0.1.pre, on macOS 15.0 24A335 darwin-arm64, locale en-US)
    [32m•[39m Flutter version 3.26.0-0.1.pre on channel beta at /Users/saint/Documents/Fall2024/CMSC436/Flutt/flutter
    [32m•[39m Upstream repository https://github.com/flutter/flutter.git
    [32m•[39m Framework revision ee624bc4fd (8 weeks ago), 2024-09-10 17:41:06 -0500
    [32m•[39m Engine revision 059e4e6d8f
    [32m•[39m Dart version 3.6.0 (build 3.6.0-216.1.beta)
    [32m•[39m DevTools version 2.39.0

[32m[✓][39m Android toolchain - develop for Android devices (Android SDK version 35.0.0)
    [32m•[39m Android SDK at /Users/saint/Library/Android/sdk
    [32m•[39m Platform android-35, build-tools 35.0.0
    [32m•[39m Java binary at: /Applications/Android Studio.app/Contents/jbr/Contents/Home/bin/java
    [32m•[39m Java version OpenJDK Runtime Environment (build 17.0.11+0-17.0.11b1207.24-11852314)
    [32m•[39m All Android licenses accepted.

[32m[✓][39m Xcode - develop for iOS and macOS (Xcode 16.0)
    [32m•[39m Xcode at /Applications/Xcode.app/Contents/Developer
    [32m•[39m Build 16A242d
    [32m•[39m CocoaPods version 1.15.2

[32m[✓][39m Chrome - develop for the web
    [32m•[39m Chrome at /Applications/Google Chrome.app/Contents/MacOS/Google Chrome

[32m[✓][39m Android Studio (version 2024.1)
    [32m•[39m Android Studio at /Applications/Android Studio.app/Contents
    [32m•[39m Flutter plugin can be installed from:
      🔨 https://plugins.jetbrains.com/plugin/9212-flutter
    [32m•[39m Dart plugin can be installed from:
      🔨 https://plugins.jetbrains.com/plugin/6351-dart
    [32m•[39m Java version OpenJDK Runtime Environment (build 17.0.11+0-17.0.11b1207.24-11852314)

[32m[✓][39m VS Code (version 1.81.1)
    [32m•[39m VS Code at /Users/saint/Downloads/Visual Studio Code.app/Contents
    [32m•[39m Flutter extension version 3.98.0

[32m[✓][39m Connected device (4 available)
    [32m•[39m iPhone 16 Pro Max (mobile)      • EDB94DC7-B5CD-4C0C-90FA-8A302C0C9318 • ios            • com.apple.CoreSimulator.SimRuntime.iOS-18-0 (simulator)
    [32m•[39m macOS (desktop)                 • macos                                • darwin-arm64   • macOS 15.0 24A335 darwin-arm64
    [32m•[39m Mac Designed for iPad (desktop) • mac-designed-for-ipad                • darwin         • macOS 15.0 24A335 darwin-arm64
    [32m•[39m Chrome (web)                    • chrome                               • web-javascript • Google Chrome 130.0.6723.117

[32m[✓][39m Network resources
    [32m•[39m All expected network resources are available.

[32m•[39m No issues found!
```
