Flutter crash report.
Please report a bug at https://github.com/flutter/flutter/issues.

## command

flutter run --machine --start-paused -d EDB94DC7-B5CD-4C0C-90FA-8A302C0C9318 --devtools-server-address http://127.0.0.1:9102/ --target /Users/saint/Documents/Fall2024/CMSC436/nextbigthing/barter/lib/main.dart

## exception

StateError: Bad state: Failed to start Dart Development Service

```
#0      DartDevelopmentService.startDartDevelopmentService (package:flutter_tools/src/base/dds.dart:116:9)
<asynchronous suspension>
#1      FlutterDevice.connect.<anonymous closure> (package:flutter_tools/src/resident_runner.dart:294:11)
<asynchronous suspension>
```

## flutter doctor

```
[✓] Flutter (Channel beta, 3.26.0-0.1.pre, on macOS 15.0 24A335 darwin-arm64, locale en-US)
    • Flutter version 3.26.0-0.1.pre on channel beta at /Users/saint/Documents/Fall2024/CMSC436/Flutt/flutter
    • Upstream repository https://github.com/flutter/flutter.git
    • Framework revision ee624bc4fd (4 weeks ago), 2024-09-10 17:41:06 -0500
    • Engine revision 059e4e6d8f
    • Dart version 3.6.0 (build 3.6.0-216.1.beta)
    • DevTools version 2.39.0

[✓] Android toolchain - develop for Android devices (Android SDK version 35.0.0)
    • Android SDK at /Users/saint/Library/Android/sdk
    • Platform android-35, build-tools 35.0.0
    • Java binary at: /Applications/Android Studio.app/Contents/jbr/Contents/Home/bin/java
    • Java version OpenJDK Runtime Environment (build 17.0.11+0-17.0.11b1207.24-11852314)
    • All Android licenses accepted.

[✓] Xcode - develop for iOS and macOS (Xcode 16.0)
    • Xcode at /Applications/Xcode.app/Contents/Developer
    • Build 16A242d
    • CocoaPods version 1.15.2

[✓] Chrome - develop for the web
    • Chrome at /Applications/Google Chrome.app/Contents/MacOS/Google Chrome

[✓] Android Studio (version 2024.1)
    • Android Studio at /Applications/Android Studio.app/Contents
    • Flutter plugin can be installed from:
      🔨 https://plugins.jetbrains.com/plugin/9212-flutter
    • Dart plugin can be installed from:
      🔨 https://plugins.jetbrains.com/plugin/6351-dart
    • Java version OpenJDK Runtime Environment (build 17.0.11+0-17.0.11b1207.24-11852314)

[✓] VS Code (version 1.81.1)
    • VS Code at /Users/saint/Downloads/Visual Studio Code.app/Contents
    • Flutter extension version 3.98.0

[✓] Connected device (4 available)
    • iPhone 16 Pro Max (mobile)      • EDB94DC7-B5CD-4C0C-90FA-8A302C0C9318 • ios            • com.apple.CoreSimulator.SimRuntime.iOS-18-0 (simulator)
    • macOS (desktop)                 • macos                                • darwin-arm64   • macOS 15.0 24A335 darwin-arm64
    • Mac Designed for iPad (desktop) • mac-designed-for-ipad                • darwin         • macOS 15.0 24A335 darwin-arm64
    • Chrome (web)                    • chrome                               • web-javascript • Google Chrome 129.0.6668.90

[✓] Network resources
    • All expected network resources are available.

• No issues found!
```
